E:\GUOJUN\GRAPHSUMMARYCUDA\DEBUG\GRAPHSUMMARYCUDA.EXE
E:\GUOJUN\GRAPHSUMMARYCUDA\DEBUG\GRAPHSUMMARYCUDA.EXE.MANIFEST
E:\GUOJUN\GRAPHSUMMARYCUDA\DEBUG\GRAPHSUMMARYCUDA.ILK
E:\GUOJUN\GRAPHSUMMARYCUDA\DEBUG\GRAPHSUMMARYCUDA.PDB
E:\guojun\GraphSummaryCuda\GraphSummaryCuda\Debug\cl.command.1.tlog
E:\guojun\GraphSummaryCuda\GraphSummaryCuda\Debug\CL.read.1.tlog
E:\guojun\GraphSummaryCuda\GraphSummaryCuda\Debug\CL.write.1.tlog
E:\guojun\GraphSummaryCuda\GraphSummaryCuda\Debug\CuGreddyMain.cc.cache
E:\guojun\GraphSummaryCuda\GraphSummaryCuda\Debug\CuGreddyMain.cc.obj
E:\guojun\GraphSummaryCuda\GraphSummaryCuda\Debug\file_reader.cc.cache
E:\guojun\GraphSummaryCuda\GraphSummaryCuda\Debug\file_reader.cc.obj
E:\GUOJUN\GRAPHSUMMARYCUDA\GRAPHSUMMARYCUDA\DEBUG\GRAPHSUMMARYCUDA.EXE.INTERMEDIATE.MANIFEST
E:\guojun\GraphSummaryCuda\GraphSummaryCuda\Debug\GraphSummaryCuda.vcxprojResolveAssemblyReference.cache
E:\guojun\GraphSummaryCuda\GraphSummaryCuda\Debug\GraphSummaryCuda.write.1.tlog
E:\guojun\GraphSummaryCuda\GraphSummaryCuda\Debug\link.6296.read.1.tlog
E:\guojun\GraphSummaryCuda\GraphSummaryCuda\Debug\link.6296.write.1.tlog
E:\guojun\GraphSummaryCuda\GraphSummaryCuda\Debug\link.command.1.tlog
E:\guojun\GraphSummaryCuda\GraphSummaryCuda\Debug\link.read.1.tlog
E:\guojun\GraphSummaryCuda\GraphSummaryCuda\Debug\link.write.1.tlog
E:\guojun\GraphSummaryCuda\GraphSummaryCuda\Debug\mt.command.1.tlog
E:\guojun\GraphSummaryCuda\GraphSummaryCuda\Debug\mt.read.1.tlog
E:\guojun\GraphSummaryCuda\GraphSummaryCuda\Debug\mt.write.1.tlog
E:\GUOJUN\GRAPHSUMMARYCUDA\GRAPHSUMMARYCUDA\DEBUG\UTIL.OBJ
E:\guojun\GraphSummaryCuda\GraphSummaryCuda\Debug\vc100.idb
E:\GUOJUN\GRAPHSUMMARYCUDA\GRAPHSUMMARYCUDA\DEBUG\VC100.PDB
