E:\guojun\GraphSummaryCuda\GraphSummaryCuda\x64\Debug\cl.command.1.tlog
E:\guojun\GraphSummaryCuda\GraphSummaryCuda\x64\Debug\CL.read.1.tlog
E:\guojun\GraphSummaryCuda\GraphSummaryCuda\x64\Debug\CL.write.1.tlog
E:\guojun\GraphSummaryCuda\GraphSummaryCuda\x64\Debug\CuGreddyMain.cc.cache
E:\guojun\GraphSummaryCuda\GraphSummaryCuda\x64\Debug\CuGreddyMain.cc.obj
E:\guojun\GraphSummaryCuda\GraphSummaryCuda\x64\Debug\file_reader.cc.cache
E:\guojun\GraphSummaryCuda\GraphSummaryCuda\x64\Debug\file_reader.cc.obj
E:\guojun\GraphSummaryCuda\GraphSummaryCuda\x64\Debug\GraphSummaryCuda.exe.embed.manifest
E:\GUOJUN\GRAPHSUMMARYCUDA\GRAPHSUMMARYCUDA\X64\DEBUG\GRAPHSUMMARYCUDA.EXE.EMBED.MANIFEST.RES
E:\GUOJUN\GRAPHSUMMARYCUDA\GRAPHSUMMARYCUDA\X64\DEBUG\GRAPHSUMMARYCUDA.EXE.INTERMEDIATE.MANIFEST
E:\guojun\GraphSummaryCuda\GraphSummaryCuda\x64\Debug\GraphSummaryCuda.write.1.tlog
E:\guojun\GraphSummaryCuda\GraphSummaryCuda\x64\Debug\GraphSummaryCuda_manifest.rc
E:\guojun\GraphSummaryCuda\GraphSummaryCuda\x64\Debug\link.command.1.tlog
E:\guojun\GraphSummaryCuda\GraphSummaryCuda\x64\Debug\link.read.1.tlog
E:\guojun\GraphSummaryCuda\GraphSummaryCuda\x64\Debug\link.write.1.tlog
E:\guojun\GraphSummaryCuda\GraphSummaryCuda\x64\Debug\mt.command.1.tlog
E:\guojun\GraphSummaryCuda\GraphSummaryCuda\x64\Debug\mt.read.1.tlog
E:\guojun\GraphSummaryCuda\GraphSummaryCuda\x64\Debug\mt.write.1.tlog
E:\guojun\GraphSummaryCuda\GraphSummaryCuda\x64\Debug\rc.command.1.tlog
E:\guojun\GraphSummaryCuda\GraphSummaryCuda\x64\Debug\rc.read.1.tlog
E:\guojun\GraphSummaryCuda\GraphSummaryCuda\x64\Debug\rc.write.1.tlog
E:\GUOJUN\GRAPHSUMMARYCUDA\GRAPHSUMMARYCUDA\X64\DEBUG\UTIL.OBJ
E:\guojun\GraphSummaryCuda\GraphSummaryCuda\x64\Debug\vc100.idb
E:\GUOJUN\GRAPHSUMMARYCUDA\GRAPHSUMMARYCUDA\X64\DEBUG\VC100.PDB
E:\GUOJUN\GRAPHSUMMARYCUDA\X64\DEBUG\GRAPHSUMMARYCUDA.EXE
E:\GUOJUN\GRAPHSUMMARYCUDA\X64\DEBUG\GRAPHSUMMARYCUDA.EXE.MANIFEST
E:\GUOJUN\GRAPHSUMMARYCUDA\X64\DEBUG\GRAPHSUMMARYCUDA.ILK
E:\GUOJUN\GRAPHSUMMARYCUDA\X64\DEBUG\GRAPHSUMMARYCUDA.PDB
